[INFO ] 2020-06-18 16:04:32.736 [http-nio-9000-exec-2] LoggingController - it works
[INFO ] 2020-06-18 16:33:10.973 [http-nio-9000-exec-2] Logging - AnyaDog
[INFO ] 2020-06-18 18:03:31.544 [http-nio-9000-exec-6] Logging - kronos slapps has registered.
[INFO ] 2020-06-18 18:05:01.515 [http-nio-9000-exec-1] Logging - 1 has logged in
[INFO ] 2020-06-18 18:05:26.136 [http-nio-9000-exec-8] Logging - 1 has logged in
[INFO ] 2020-06-18 18:05:59.384 [http-nio-9000-exec-9] Logging - Bug Hunter has been added
[INFO ] 2020-06-18 18:16:09.578 [http-nio-9000-exec-1] Logging - 1 has updated their password
[INFO ] 2020-06-18 18:24:43.647 [http-nio-9000-exec-3] Logging - 1 has updated their information
[INFO ] 2020-06-18 18:55:45.417 [http-nio-9000-exec-1] Logging - kerry jerry has registered.
[INFO ] 2020-06-18 18:56:10.042 [http-nio-9000-exec-4] Logging - Updated admin status to true for user with id 1
[INFO ] 2020-06-18 18:56:22.452 [http-nio-9000-exec-6] Logging - Updated admin status to false for user with id 1
[INFO ] 2020-06-22 10:45:53.707 [http-nio-9000-exec-8] Logging - Anya Dog has registered.
[INFO ] 2020-06-22 10:47:29.936 [http-nio-9000-exec-8] Logging - 1 has logged in
[INFO ] 2020-06-22 10:47:44.160 [http-nio-9000-exec-2] Logging - 1 has logged in
[INFO ] 2020-06-22 10:55:45.087 [http-nio-9000-exec-4] Logging - Testing has been added
[INFO ] 2020-06-22 10:58:20.515 [http-nio-9000-exec-9] Logging - 1 has added an account
[INFO ] 2020-06-22 11:04:18.051 [http-nio-9000-exec-1] Logging - Alex Dog has registered.
[INFO ] 2020-06-22 11:04:41.992 [http-nio-9000-exec-5] Logging - 2 has logged in
[INFO ] 2020-06-22 11:05:18.568 [http-nio-9000-exec-3] Logging - BugBounty has been added
[INFO ] 2020-06-22 11:06:01.545 [http-nio-9000-exec-6] Logging - 2 has added an account
[INFO ] 2020-06-22 14:06:33.831 [http-nio-9000-exec-2] Logging - 2 has logged in
[INFO ] 2020-06-22 14:06:43.152 [http-nio-9000-exec-4] Logging - 2 has logged in
[INFO ] 2020-06-22 16:18:50.279 [http-nio-9000-exec-2] Logging - Teachers has been added
[INFO ] 2020-06-22 16:25:36.055 [http-nio-9000-exec-6] Logging - Jason is an account type has been added
[INFO ] 2020-06-22 17:15:58.324 [http-nio-9000-exec-1] Logging - 1 has added an account
[INFO ] 2020-06-22 17:36:44.536 [http-nio-9000-exec-1] Logging - 1 has had 10points added to their account
[INFO ] 2020-06-22 17:37:32.928 [http-nio-9000-exec-10] Logging - 1 has had 10points added to their account
[INFO ] 2020-06-24 11:08:43.441 [http-nio-9000-exec-10] Logging - Mark string has registered.
[INFO ] 2020-06-24 11:08:54.664 [http-nio-9000-exec-2] Logging - Mark string has registered.
[INFO ] 2020-06-24 11:16:23.482 [http-nio-9000-exec-6] Logging - 1 has logged in
[INFO ] 2020-06-24 12:10:30.441 [http-nio-9000-exec-9] Logging - 1 has logged in
[INFO ] 2020-06-25 07:18:00.383 [http-nio-9000-exec-2] Logging - 1 has logged in
[INFO ] 2020-06-25 07:18:35.408 [http-nio-9000-exec-3] Logging - 1 has logged in
[INFO ] 2020-06-25 07:18:46.058 [http-nio-9000-exec-4] Logging - 1 has logged in
[INFO ] 2020-06-25 12:59:41.170 [http-nio-9000-exec-1] Logging - 1 has logged in
[INFO ] 2020-06-25 13:48:27.318 [http-nio-9000-exec-7] Logging - Eval has been added
[INFO ] 2020-06-25 13:49:13.896 [http-nio-9000-exec-4] Logging - string string has registered.
[INFO ] 2020-06-25 13:49:33.993 [http-nio-9000-exec-2] Logging - 1 has added an account
[INFO ] 2020-06-25 14:33:43.113 [http-nio-9000-exec-3] Logging - 1 has had 10points added to their account
[INFO ] 2020-06-25 14:34:24.277 [http-nio-9000-exec-5] Logging - 1 has had 10points added to their account
[INFO ] 2020-06-25 14:53:11.049 [http-nio-9000-exec-7] Logging - 1 has had 1points added to their account
